d:\git\c++\graphics2024b - fernando\graphics2024b\x64\debug\vc143.pdb
d:\git\c++\graphics2024b - fernando\graphics2024b\x64\debug\vc143.idb
d:\git\c++\graphics2024b - fernando\graphics2024b\x64\debug\matrix4d.obj
d:\git\c++\graphics2024b - fernando\graphics2024b\x64\debug\graphics2024b.obj
d:\git\c++\graphics2024b - fernando\graphics2024b\x64\debug\dxgimanager.obj
d:\git\c++\graphics2024b - fernando\graphics2024b\x64\debug\canvas.obj
d:\git\c++\graphics2024b - fernando\graphics2024b\x64\debug\application.obj
d:\git\c++\graphics2024b - fernando\x64\debug\graphics2024b.exe
d:\git\c++\graphics2024b - fernando\x64\debug\graphics2024b.pdb
d:\git\c++\graphics2024b - fernando\graphics2024b\x64\debug\graphics2024b.res
d:\git\c++\graphics2024b - fernando\graphics2024b\x64\debug\graphics2024b.ilk
d:\git\c++\graphics2024b - fernando\graphics2024b\x64\debug\graphics2024b.tlog\cl.command.1.tlog
d:\git\c++\graphics2024b - fernando\graphics2024b\x64\debug\graphics2024b.tlog\cl.items.tlog
d:\git\c++\graphics2024b - fernando\graphics2024b\x64\debug\graphics2024b.tlog\cl.read.1.tlog
d:\git\c++\graphics2024b - fernando\graphics2024b\x64\debug\graphics2024b.tlog\cl.write.1.tlog
d:\git\c++\graphics2024b - fernando\graphics2024b\x64\debug\graphics2024b.tlog\link.command.1.tlog
d:\git\c++\graphics2024b - fernando\graphics2024b\x64\debug\graphics2024b.tlog\link.read.1.tlog
d:\git\c++\graphics2024b - fernando\graphics2024b\x64\debug\graphics2024b.tlog\link.secondary.1.tlog
d:\git\c++\graphics2024b - fernando\graphics2024b\x64\debug\graphics2024b.tlog\link.write.1.tlog
d:\git\c++\graphics2024b - fernando\graphics2024b\x64\debug\graphics2024b.tlog\rc.command.1.tlog
d:\git\c++\graphics2024b - fernando\graphics2024b\x64\debug\graphics2024b.tlog\rc.read.1.tlog
d:\git\c++\graphics2024b - fernando\graphics2024b\x64\debug\graphics2024b.tlog\rc.write.1.tlog
